<?xml version="1.0" encoding="UTF-8"?>
<testsuite xmlns:xsi="http://www.w3.org/2001/XMLSchema-instance" xsi:noNamespaceSchemaLocation="https://maven.apache.org/surefire/maven-surefire-plugin/xsd/surefire-test-report.xsd" version="3.0.2" name="com.api.auth.AuthApplicationTests" time="15.114" tests="1" errors="0" skipped="0" failures="0">
  <properties>
[...]
</properties>
  <testcase name="contextLoads" classname="com.api.auth.AuthApplicationTests" time="2.915">
    <system-out><![CDATA[19:42:34.227 [main] INFO org.springframework.test.context.support.AnnotationConfigContextLoaderUtils -- Could not detect default configuration classes for test class [com.api.auth.AuthApplicationTests]: AuthApplicationTests does not declare any static, non-private, non-final, nested classes annotated with @Configuration.
19:42:34.517 [main] INFO org.springframework.boot.test.context.SpringBootTestContextBootstrapper -- Found @SpringBootConfiguration com.api.auth.AuthApplication for test class com.api.auth.AuthApplicationTests

  .   ____          _            __ _ _
 /\\ / ___'_ __ _ _(_)_ __  __ _ \ \ \ \
( ( )\___ | '_ | '_| | '_ \/ _` | \ \ \ \
 \\/  ___)| |_)| | | | | || (_| |  ) ) ) )
  '  |____| .__|_| |_|_| |_\__, | / / / /
 =========|_|==============|___/=/_/_/_/

 :: Spring Boot ::                (v3.4.2)

2025-02-12T19:42:35.955+05:30  INFO 15180 --- [auth] [           main] com.api.auth.AuthApplicationTests        : Starting AuthApplicationTests using Java 17.0.10 with PID 15180 (started by saif in C:\Users\saif\Desktop\auth)
2025-02-12T19:42:35.960+05:30  INFO 15180 --- [auth] [           main] com.api.auth.AuthApplicationTests        : The following 1 profile is active: "dev"
2025-02-12T19:42:39.496+05:30  INFO 15180 --- [auth] [           main] .s.d.r.c.RepositoryConfigurationDelegate : Bootstrapping Spring Data MongoDB repositories in DEFAULT mode.
2025-02-12T19:42:39.801+05:30  INFO 15180 --- [auth] [           main] .s.d.r.c.RepositoryConfigurationDelegate : Finished Spring Data repository scanning in 272 ms. Found 2 MongoDB repository interfaces.
2025-02-12T19:42:41.943+05:30  INFO 15180 --- [auth] [raq.mongodb.net] org.mongodb.driver.cluster               : Adding discovered server cluster0-shard-00-00.w8raq.mongodb.net:27017 to client view of cluster
2025-02-12T19:42:42.004+05:30  INFO 15180 --- [auth] [           main] org.mongodb.driver.client                : MongoClient with metadata {"application": {"name": "Cluster0"}, "driver": {"name": "mongo-java-driver|sync|spring-boot", "version": "5.2.1"}, "os": {"type": "Windows", "name": "Windows 10", "architecture": "amd64", "version": "10.0"}, "platform": "Java/Oracle Corporation/17.0.10+11-LTS-240"} created with settings MongoClientSettings{readPreference=primary, writeConcern=WriteConcern{w=majority, wTimeout=null ms, journal=null}, retryWrites=true, retryReads=true, readConcern=ReadConcern{level=null}, credential=MongoCredential{mechanism=null, userName='saif', source='admin', password=<hidden>, mechanismProperties=<hidden>}, transportSettings=null, commandListeners=[io.micrometer.core.instrument.binder.mongodb.MongoMetricsCommandListener@40df6090], codecRegistry=ProvidersCodecRegistry{codecProviders=[ValueCodecProvider{}, BsonValueCodecProvider{}, DBRefCodecProvider{}, DBObjectCodecProvider{}, DocumentCodecProvider{}, CollectionCodecProvider{}, IterableCodecProvider{}, MapCodecProvider{}, GeoJsonCodecProvider{}, GridFSFileCodecProvider{}, Jsr310CodecProvider{}, JsonObjectCodecProvider{}, BsonCodecProvider{}, EnumCodecProvider{}, com.mongodb.client.model.mql.ExpressionCodecProvider@8c0a23f, com.mongodb.Jep395RecordCodecProvider@44d7e24, com.mongodb.KotlinCodecProvider@26c8b296]}, loggerSettings=LoggerSettings{maxDocumentLength=1000}, clusterSettings={hosts=[127.0.0.1:27017], srvHost=cluster0.w8raq.mongodb.net, srvServiceName=mongodb, mode=MULTIPLE, requiredClusterType=REPLICA_SET, requiredReplicaSetName='atlas-kelw0x-shard-0', serverSelector='null', clusterListeners='[]', serverSelectionTimeout='30000 ms', localThreshold='15 ms'}, socketSettings=SocketSettings{connectTimeoutMS=10000, readTimeoutMS=0, receiveBufferSize=0, proxySettings=ProxySettings{host=null, port=null, username=null, password=null}}, heartbeatSocketSettings=SocketSettings{connectTimeoutMS=10000, readTimeoutMS=10000, receiveBufferSize=0, proxySettings=ProxySettings{host=null, port=null, username=null, password=null}}, connectionPoolSettings=ConnectionPoolSettings{maxSize=100, minSize=0, maxWaitTimeMS=120000, maxConnectionLifeTimeMS=0, maxConnectionIdleTimeMS=0, maintenanceInitialDelayMS=0, maintenanceFrequencyMS=60000, connectionPoolListeners=[io.micrometer.core.instrument.binder.mongodb.MongoMetricsConnectionPoolListener@1d289d3f], maxConnecting=2}, serverSettings=ServerSettings{heartbeatFrequencyMS=10000, minHeartbeatFrequencyMS=500, serverMonitoringMode=AUTO, serverListeners='[]', serverMonitorListeners='[]'}, sslSettings=SslSettings{enabled=true, invalidHostNameAllowed=false, context=null}, applicationName='Cluster0', compressorList=[], uuidRepresentation=JAVA_LEGACY, serverApi=null, autoEncryptionSettings=null, dnsClient=null, inetAddressResolver=null, contextProvider=null, timeoutMS=null}
2025-02-12T19:42:42.063+05:30  INFO 15180 --- [auth] [raq.mongodb.net] org.mongodb.driver.cluster               : Adding discovered server cluster0-shard-00-01.w8raq.mongodb.net:27017 to client view of cluster
2025-02-12T19:42:42.074+05:30  INFO 15180 --- [auth] [raq.mongodb.net] org.mongodb.driver.cluster               : Adding discovered server cluster0-shard-00-02.w8raq.mongodb.net:27017 to client view of cluster
2025-02-12T19:42:43.588+05:30  INFO 15180 --- [auth] [ngodb.net:27017] org.mongodb.driver.cluster               : Monitor thread successfully connected to server with description ServerDescription{address=cluster0-shard-00-01.w8raq.mongodb.net:27017, type=REPLICA_SET_SECONDARY, cryptd=false, state=CONNECTED, ok=true, minWireVersion=0, maxWireVersion=25, maxDocumentSize=16777216, logicalSessionTimeoutMinutes=30, roundTripTimeNanos=662681700, minRoundTripTimeNanos=0, setName='atlas-kelw0x-shard-0', canonicalAddress=cluster0-shard-00-01.w8raq.mongodb.net:27017, hosts=[cluster0-shard-00-00.w8raq.mongodb.net:27017, cluster0-shard-00-01.w8raq.mongodb.net:27017, cluster0-shard-00-02.w8raq.mongodb.net:27017], passives=[], arbiters=[], primary='cluster0-shard-00-02.w8raq.mongodb.net:27017', tagSet=TagSet{[Tag{name='availabilityZone', value='aps1-az3'}, Tag{name='diskState', value='READY'}, Tag{name='nodeType', value='ELECTABLE'}, Tag{name='provider', value='AWS'}, Tag{name='region', value='AP_SOUTH_1'}, Tag{name='workloadType', value='OPERATIONAL'}]}, electionId=null, setVersion=1, topologyVersion=TopologyVersion{processId=67a5ed14efeaf1f1448875da, counter=3}, lastWriteDate=Wed Feb 12 19:42:43 IST 2025, lastUpdateTimeNanos=29376936696500}
2025-02-12T19:42:43.588+05:30  INFO 15180 --- [auth] [ngodb.net:27017] org.mongodb.driver.cluster               : Monitor thread successfully connected to server with description ServerDescription{address=cluster0-shard-00-00.w8raq.mongodb.net:27017, type=REPLICA_SET_SECONDARY, cryptd=false, state=CONNECTED, ok=true, minWireVersion=0, maxWireVersion=25, maxDocumentSize=16777216, logicalSessionTimeoutMinutes=30, roundTripTimeNanos=665783000, minRoundTripTimeNanos=0, setName='atlas-kelw0x-shard-0', canonicalAddress=cluster0-shard-00-00.w8raq.mongodb.net:27017, hosts=[cluster0-shard-00-00.w8raq.mongodb.net:27017, cluster0-shard-00-01.w8raq.mongodb.net:27017, cluster0-shard-00-02.w8raq.mongodb.net:27017], passives=[], arbiters=[], primary='cluster0-shard-00-02.w8raq.mongodb.net:27017', tagSet=TagSet{[Tag{name='availabilityZone', value='aps1-az1'}, Tag{name='diskState', value='READY'}, Tag{name='nodeType', value='ELECTABLE'}, Tag{name='provider', value='AWS'}, Tag{name='region', value='AP_SOUTH_1'}, Tag{name='workloadType', value='OPERATIONAL'}]}, electionId=null, setVersion=1, topologyVersion=TopologyVersion{processId=67a5ea8ee6e1877655ece3ed, counter=4}, lastWriteDate=Wed Feb 12 19:42:43 IST 2025, lastUpdateTimeNanos=29376936696500}
2025-02-12T19:42:44.060+05:30  INFO 15180 --- [auth] [ngodb.net:27017] org.mongodb.driver.cluster               : Monitor thread successfully connected to server with description ServerDescription{address=cluster0-shard-00-02.w8raq.mongodb.net:27017, type=REPLICA_SET_PRIMARY, cryptd=false, state=CONNECTED, ok=true, minWireVersion=0, maxWireVersion=25, maxDocumentSize=16777216, logicalSessionTimeoutMinutes=30, roundTripTimeNanos=133292600, minRoundTripTimeNanos=0, setName='atlas-kelw0x-shard-0', canonicalAddress=cluster0-shard-00-02.w8raq.mongodb.net:27017, hosts=[cluster0-shard-00-00.w8raq.mongodb.net:27017, cluster0-shard-00-01.w8raq.mongodb.net:27017, cluster0-shard-00-02.w8raq.mongodb.net:27017], passives=[], arbiters=[], primary='cluster0-shard-00-02.w8raq.mongodb.net:27017', tagSet=TagSet{[Tag{name='availabilityZone', value='aps1-az2'}, Tag{name='diskState', value='READY'}, Tag{name='nodeType', value='ELECTABLE'}, Tag{name='provider', value='AWS'}, Tag{name='region', value='AP_SOUTH_1'}, Tag{name='workloadType', value='OPERATIONAL'}]}, electionId=7fffffff0000000000000004, setVersion=1, topologyVersion=TopologyVersion{processId=67a5ebc2b5653ddb0b698414, counter=6}, lastWriteDate=Wed Feb 12 19:42:43 IST 2025, lastUpdateTimeNanos=29377423437800}
2025-02-12T19:42:44.060+05:30  INFO 15180 --- [auth] [ngodb.net:27017] org.mongodb.driver.cluster               : Discovered replica set primary cluster0-shard-00-02.w8raq.mongodb.net:27017 with max election id 7fffffff0000000000000004 and max set version 1
2025-02-12T19:42:44.393+05:30  INFO 15180 --- [auth] [           main] o.s.b.a.w.s.WelcomePageHandlerMapping    : Adding welcome page: class path resource [static/index.html]
2025-02-12T19:42:45.694+05:30  INFO 15180 --- [auth] [           main] o.s.b.a.e.web.EndpointLinksResolver      : Exposing 1 endpoint beneath base path '/actuator'
2025-02-12T19:42:45.879+05:30  INFO 15180 --- [auth] [           main] com.api.auth.AuthApplicationTests        : Started AuthApplicationTests in 10.851 seconds (process running for 13.533)
]]></system-out>
  </testcase>
</testsuite>